<?xml version="1.0" encoding="UTF-8"?>
<!-- Generated by org.testng.reporters.JUnitXMLReporter -->
<testsuite ignored="0" hostname="DESKTOP-HAASLH3" failures="0" tests="3" name="Test" time="13.107" errors="0" timestamp="2025-01-28T17:43:14 IST">
  <testcase classname="testCases.Search_TC" name="search" time="0.627"/>
  <testcase classname="testCases.Search_TC" name="VerifyStockName" time="0.058"/>
  <testcase classname="testCases.Search_TC" name="VerifyStockPrice" time="3.303"/>
</testsuite> <!-- Test -->
